Connecting to database specified by database.yml
wrong number of arguments(2 for 0)
  [1m[36m (0.2ms)[0m  [1mselect sqlite_version(*)[0m
  [1m[35m (1.4ms)[0m  CREATE TABLE "schema_migrations" ("version" varchar(255) NOT NULL) 
  [1m[36m (0.0ms)[0m  [1mPRAGMA index_list("schema_migrations")[0m
  [1m[35m (1.0ms)[0m  CREATE UNIQUE INDEX "unique_schema_migrations" ON "schema_migrations" ("version")
  [1m[36m (0.1ms)[0m  [1mSELECT "schema_migrations"."version" FROM "schema_migrations" [0m
Migrating to DeviseCreateUsers (20120607002438)
  [1m[35m (0.0ms)[0m  begin transaction
  [1m[36m (1.1ms)[0m  [1mCREATE TABLE "users" ("id" INTEGER PRIMARY KEY AUTOINCREMENT NOT NULL, "email" varchar(255) DEFAULT '' NOT NULL, "encrypted_password" varchar(255) DEFAULT '' NOT NULL, "reset_password_token" varchar(255), "reset_password_sent_at" datetime, "remember_created_at" datetime, "sign_in_count" integer DEFAULT 0, "current_sign_in_at" datetime, "last_sign_in_at" datetime, "current_sign_in_ip" varchar(255), "last_sign_in_ip" varchar(255), "created_at" datetime NOT NULL, "updated_at" datetime NOT NULL) [0m
  [1m[35m (0.0ms)[0m  PRAGMA index_list("users")
  [1m[36m (0.5ms)[0m  [1mCREATE UNIQUE INDEX "index_users_on_email" ON "users" ("email")[0m
  [1m[35m (0.1ms)[0m  PRAGMA index_list("users")
  [1m[36m (0.0ms)[0m  [1mPRAGMA index_info('index_users_on_email')[0m
  [1m[35m (0.1ms)[0m  CREATE UNIQUE INDEX "index_users_on_reset_password_token" ON "users" ("reset_password_token")
  [1m[36m (0.2ms)[0m  [1mINSERT INTO "schema_migrations" ("version") VALUES ('20120607002438')[0m
  [1m[35m (1.4ms)[0m  commit transaction
Migrating to AddNameToUsers (20120608171829)
  [1m[36m (0.0ms)[0m  [1mbegin transaction[0m
  [1m[35m (0.4ms)[0m  INSERT INTO "schema_migrations" ("version") VALUES ('20120608171829')
  [1m[36m (0.9ms)[0m  [1mcommit transaction[0m
Migrating to CreateProfiles (20120608180431)
  [1m[35m (0.0ms)[0m  begin transaction
  [1m[36m (0.5ms)[0m  [1mCREATE TABLE "profiles" ("id" INTEGER PRIMARY KEY AUTOINCREMENT NOT NULL, "created_at" datetime NOT NULL, "updated_at" datetime NOT NULL) [0m
  [1m[35m (0.1ms)[0m  INSERT INTO "schema_migrations" ("version") VALUES ('20120608180431')
  [1m[36m (1.3ms)[0m  [1mcommit transaction[0m
Migrating to AddNameToProfiles (20120608183956)
  [1m[35m (0.0ms)[0m  begin transaction
  [1m[36m (0.4ms)[0m  [1mALTER TABLE "profiles" ADD "first_name" varchar(255)[0m
  [1m[35m (0.2ms)[0m  ALTER TABLE "profiles" ADD "last_name" varchar(255)
  [1m[36m (0.1ms)[0m  [1mINSERT INTO "schema_migrations" ("version") VALUES ('20120608183956')[0m
  [1m[35m (1.1ms)[0m  commit transaction
Migrating to AddUserIdToProfile (20120608191607)
  [1m[36m (0.0ms)[0m  [1mbegin transaction[0m
  [1m[35m (0.5ms)[0m  ALTER TABLE "profiles" ADD "user_id" integer
  [1m[36m (0.1ms)[0m  [1mINSERT INTO "schema_migrations" ("version") VALUES ('20120608191607')[0m
  [1m[35m (0.8ms)[0m  commit transaction
Migrating to ProcessedTweets (20120610010039)
  [1m[36m (0.1ms)[0m  [1mbegin transaction[0m
  [1m[35m (0.4ms)[0m  CREATE TABLE "processed_tweets" ("id" INTEGER PRIMARY KEY AUTOINCREMENT NOT NULL, "tweet_id" integer NOT NULL) 
  [1m[36m (0.3ms)[0m  [1mINSERT INTO "schema_migrations" ("version") VALUES ('20120610010039')[0m
  [1m[35m (0.7ms)[0m  commit transaction
Migrating to ProcesedTweetsAttributes (20120610042920)
  [1m[36m (0.0ms)[0m  [1mbegin transaction[0m
  [1m[35m (1.0ms)[0m  ALTER TABLE "processed_tweets" ADD "embed_url" varchar(255)
  [1m[36m (0.2ms)[0m  [1mALTER TABLE "processed_tweets" ADD "from_user" varchar(255)[0m
  [1m[35m (0.1ms)[0m  ALTER TABLE "processed_tweets" ADD "from_user_name" varchar(255)
  [1m[36m (0.1ms)[0m  [1mALTER TABLE "processed_tweets" ADD "to_user" varchar(255)[0m
  [1m[35m (0.2ms)[0m  ALTER TABLE "processed_tweets" ADD "to_user_name" varchar(255)
  [1m[36m (0.1ms)[0m  [1mINSERT INTO "schema_migrations" ("version") VALUES ('20120610042920')[0m
  [1m[35m (1.0ms)[0m  commit transaction
Migrating to ProcesedTweetsTextField (20120610171323)
  [1m[36m (0.0ms)[0m  [1mbegin transaction[0m
  [1m[35m (0.5ms)[0m  ALTER TABLE "processed_tweets" ADD "text" varchar(255)
  [1m[36m (0.1ms)[0m  [1mINSERT INTO "schema_migrations" ("version") VALUES ('20120610171323')[0m
  [1m[35m (1.1ms)[0m  commit transaction
Migrating to ProcesedTweetsSongFields (20120610171527)
  [1m[36m (0.0ms)[0m  [1mbegin transaction[0m
  [1m[35m (0.4ms)[0m  ALTER TABLE "processed_tweets" ADD "track" varchar(255)
  [1m[36m (0.2ms)[0m  [1mALTER TABLE "processed_tweets" ADD "album" varchar(255)[0m
  [1m[35m (0.2ms)[0m  ALTER TABLE "processed_tweets" ADD "artist" varchar(255)
  [1m[36m (0.1ms)[0m  [1mINSERT INTO "schema_migrations" ("version") VALUES ('20120610171527')[0m
  [1m[35m (0.7ms)[0m  commit transaction
Migrating to UserOauthFields (20120610173151)
  [1m[36m (0.0ms)[0m  [1mbegin transaction[0m
  [1m[35m (0.4ms)[0m  ALTER TABLE "users" ADD "twitter_id" varchar(255)
  [1m[36m (0.2ms)[0m  [1mALTER TABLE "users" ADD "twitter_name" varchar(255)[0m
  [1m[35m (0.2ms)[0m  ALTER TABLE "users" ADD "twitter_token" varchar(255)
  [1m[36m (0.2ms)[0m  [1mALTER TABLE "users" ADD "twitter_secret" varchar(255)[0m
  [1m[35m (0.2ms)[0m  ALTER TABLE "users" ADD "rdio_id" varchar(255)
  [1m[36m (0.2ms)[0m  [1mALTER TABLE "users" ADD "rdio_token" varchar(255)[0m
  [1m[35m (0.2ms)[0m  ALTER TABLE "users" ADD "rdio_secret" varchar(255)
  [1m[36m (0.1ms)[0m  [1mINSERT INTO "schema_migrations" ("version") VALUES ('20120610173151')[0m
  [1m[35m (1.1ms)[0m  commit transaction
  [1m[36m (0.4ms)[0m  [1mselect sqlite_version(*)[0m
  [1m[35m (0.1ms)[0m  SELECT "schema_migrations"."version" FROM "schema_migrations" 
  [1m[36m (0.1ms)[0m  [1mPRAGMA index_list("processed_tweets")[0m
  [1m[35m (0.0ms)[0m  PRAGMA index_list("profiles")
  [1m[36m (0.1ms)[0m  [1mPRAGMA index_list("users")[0m
  [1m[35m (0.1ms)[0m  PRAGMA index_info('index_users_on_reset_password_token')
  [1m[36m (0.0ms)[0m  [1mPRAGMA index_info('index_users_on_email')[0m
Connecting to database specified by database.yml
  [1m[36mProcessedTweet Exists (0.2ms)[0m  [1mSELECT 1 FROM "processed_tweets" WHERE "processed_tweets"."tweet_id" = 211967847948230656 LIMIT 1[0m


Started GET "/" for 127.0.0.1 at 2012-06-10 16:50:14 -0700
Processing by StaticPagesController#home as HTML
  Rendered static_pages/home.html.erb within layouts/application (31.5ms)
  Rendered layouts/_shim.html.erb (0.4ms)
  Rendered layouts/_header.html.erb (0.9ms)
Completed 200 OK in 228ms (Views: 224.0ms | ActiveRecord: 0.0ms)


Started GET "/assets/application.css?body=1" for 127.0.0.1 at 2012-06-10 16:50:14 -0700
Served asset /application.css - 304 Not Modified (27ms)
  [1m[35m (0.1ms)[0m  begin transaction
  [1m[36mSQL (6.0ms)[0m  [1mINSERT INTO "processed_tweets" ("album", "artist", "embed_url", "from_user", "from_user_name", "text", "to_user", "to_user_name", "track", "tweet_id") VALUES (?, ?, ?, ?, ?, ?, ?, ?, ?, ?)[0m  [["album", nil], ["artist", nil], ["embed_url", "https://rd.io/e/Qiszim0"], ["from_user", "lunitikcalm"], ["from_user_name", "lunitik calm"], ["text", "#autotuneapp massive attack - breath #hookup"], ["to_user", nil], ["to_user_name", nil], ["track", nil], ["tweet_id", 211967847948230656]]
  [1m[35m (0.7ms)[0m  commit transaction
  [1m[36mProcessedTweet Exists (0.2ms)[0m  [1mSELECT 1 FROM "processed_tweets" WHERE "processed_tweets"."tweet_id" = 211965452728008705 LIMIT 1[0m


Started GET "/assets/sessions.css?body=1" for 127.0.0.1 at 2012-06-10 16:50:14 -0700
Served asset /sessions.css - 304 Not Modified (2ms)


Started GET "/assets/custom.css?body=1" for 127.0.0.1 at 2012-06-10 16:50:14 -0700
Served asset /custom.css - 304 Not Modified (41ms)


Started GET "/assets/static_pages.css?body=1" for 127.0.0.1 at 2012-06-10 16:50:14 -0700
Served asset /static_pages.css - 304 Not Modified (2ms)


Started GET "/assets/users.css?body=1" for 127.0.0.1 at 2012-06-10 16:50:14 -0700
Served asset /users.css - 304 Not Modified (2ms)


Started GET "/assets/jquery.js?body=1" for 127.0.0.1 at 2012-06-10 16:50:14 -0700
Served asset /jquery.js - 304 Not Modified (9ms)


Started GET "/assets/bootstrap-transition.js?body=1" for 127.0.0.1 at 2012-06-10 16:50:14 -0700
Served asset /bootstrap-transition.js - 304 Not Modified (3ms)


Started GET "/assets/jquery_ujs.js?body=1" for 127.0.0.1 at 2012-06-10 16:50:14 -0700
Served asset /jquery_ujs.js - 304 Not Modified (4ms)


Started GET "/assets/bootstrap-alert.js?body=1" for 127.0.0.1 at 2012-06-10 16:50:14 -0700
Served asset /bootstrap-alert.js - 304 Not Modified (3ms)


Started GET "/assets/bootstrap-button.js?body=1" for 127.0.0.1 at 2012-06-10 16:50:14 -0700
Served asset /bootstrap-button.js - 304 Not Modified (2ms)


Started GET "/assets/bootstrap-carousel.js?body=1" for 127.0.0.1 at 2012-06-10 16:50:14 -0700
Served asset /bootstrap-carousel.js - 304 Not Modified (3ms)


Started GET "/assets/bootstrap-dropdown.js?body=1" for 127.0.0.1 at 2012-06-10 16:50:14 -0700
Served asset /bootstrap-dropdown.js - 304 Not Modified (5ms)


Started GET "/assets/bootstrap-collapse.js?body=1" for 127.0.0.1 at 2012-06-10 16:50:14 -0700
Served asset /bootstrap-collapse.js - 304 Not Modified (3ms)


Started GET "/assets/bootstrap-modal.js?body=1" for 127.0.0.1 at 2012-06-10 16:50:14 -0700
Served asset /bootstrap-modal.js - 304 Not Modified (3ms)


Started GET "/assets/bootstrap-scrollspy.js?body=1" for 127.0.0.1 at 2012-06-10 16:50:14 -0700
Served asset /bootstrap-scrollspy.js - 304 Not Modified (3ms)


Started GET "/assets/bootstrap-tab.js?body=1" for 127.0.0.1 at 2012-06-10 16:50:14 -0700
Served asset /bootstrap-tab.js - 304 Not Modified (5ms)


Started GET "/assets/bootstrap-tooltip.js?body=1" for 127.0.0.1 at 2012-06-10 16:50:14 -0700
Served asset /bootstrap-tooltip.js - 304 Not Modified (5ms)


Started GET "/assets/bootstrap-typeahead.js?body=1" for 127.0.0.1 at 2012-06-10 16:50:14 -0700
Served asset /bootstrap-typeahead.js - 304 Not Modified (2ms)


Started GET "/assets/bootstrap-popover.js?body=1" for 127.0.0.1 at 2012-06-10 16:50:14 -0700
Served asset /bootstrap-popover.js - 304 Not Modified (3ms)


Started GET "/assets/bootstrap.js?body=1" for 127.0.0.1 at 2012-06-10 16:50:14 -0700
Served asset /bootstrap.js - 304 Not Modified (20ms)


Started GET "/assets/autotune_custom.js?body=1" for 127.0.0.1 at 2012-06-10 16:50:14 -0700
Served asset /autotune_custom.js - 304 Not Modified (1ms)


Started GET "/assets/jquery.rdio.min.js?body=1" for 127.0.0.1 at 2012-06-10 16:50:14 -0700
Served asset /jquery.rdio.min.js - 304 Not Modified (1ms)


Started GET "/assets/static_pages.js?body=1" for 127.0.0.1 at 2012-06-10 16:50:14 -0700
Served asset /static_pages.js - 304 Not Modified (2ms)


Started GET "/assets/sessions.js?body=1" for 127.0.0.1 at 2012-06-10 16:50:14 -0700
Served asset /sessions.js - 304 Not Modified (1ms)


Started GET "/assets/users.js?body=1" for 127.0.0.1 at 2012-06-10 16:50:14 -0700
Served asset /users.js - 304 Not Modified (2ms)


Started GET "/assets/application.js?body=1" for 127.0.0.1 at 2012-06-10 16:50:14 -0700
Served asset /application.js - 304 Not Modified (23ms)
  [1m[35m (0.1ms)[0m  begin transaction
  [1m[36mSQL (0.4ms)[0m  [1mINSERT INTO "processed_tweets" ("album", "artist", "embed_url", "from_user", "from_user_name", "text", "to_user", "to_user_name", "track", "tweet_id") VALUES (?, ?, ?, ?, ?, ?, ?, ?, ?, ?)[0m  [["album", nil], ["artist", nil], ["embed_url", "https://rd.io/e/QitpIBg"], ["from_user", "lunitikcalm"], ["from_user_name", "lunitik calm"], ["text", "#autotuneapp nine inch nails - reptile #hookup #dowork"], ["to_user", nil], ["to_user_name", nil], ["track", nil], ["tweet_id", 211965452728008705]]
  [1m[35m (2.0ms)[0m  commit transaction
  [1m[36mProcessedTweet Exists (0.2ms)[0m  [1mSELECT 1 FROM "processed_tweets" WHERE "processed_tweets"."tweet_id" = 211964015755268096 LIMIT 1[0m
  [1m[35m (0.1ms)[0m  begin transaction
  [1m[36mSQL (0.5ms)[0m  [1mINSERT INTO "processed_tweets" ("album", "artist", "embed_url", "from_user", "from_user_name", "text", "to_user", "to_user_name", "track", "tweet_id") VALUES (?, ?, ?, ?, ?, ?, ?, ?, ?, ?)[0m  [["album", nil], ["artist", nil], ["embed_url", "https://rd.io/e/Qitoexo"], ["from_user", "lunitikcalm"], ["from_user_name", "lunitik calm"], ["text", "#autotuneapp lets get it on #hookup"], ["to_user", nil], ["to_user_name", nil], ["track", nil], ["tweet_id", 211964015755268096]]
  [1m[35m (2.5ms)[0m  commit transaction
  [1m[36mProcessedTweet Exists (0.2ms)[0m  [1mSELECT 1 FROM "processed_tweets" WHERE "processed_tweets"."tweet_id" = 211963295744270338 LIMIT 1[0m


Started GET "/sessions/twitter" for 127.0.0.1 at 2012-06-10 16:50:16 -0700
Processing by SessionsController#twitter as HTML
Redirected to http://0.0.0.0:3000/auth/twitter
Completed 302 Found in 1ms (ActiveRecord: 0.0ms)


Started GET "/auth/twitter" for 127.0.0.1 at 2012-06-10 16:50:16 -0700
  [1m[35m (0.1ms)[0m  begin transaction
  [1m[36mSQL (0.3ms)[0m  [1mINSERT INTO "processed_tweets" ("album", "artist", "embed_url", "from_user", "from_user_name", "text", "to_user", "to_user_name", "track", "tweet_id") VALUES (?, ?, ?, ?, ?, ?, ?, ?, ?, ?)[0m  [["album", nil], ["artist", nil], ["embed_url", "https://rd.io/e/QitcH6M"], ["from_user", "lunitikcalm"], ["from_user_name", "lunitik calm"], ["text", "#autotuneapp steam machine by daft punk #dowork #getbig #hookup"], ["to_user", nil], ["to_user_name", nil], ["track", nil], ["tweet_id", 211963295744270338]]
  [1m[35m (2.1ms)[0m  commit transaction


Started GET "/auth/twitter/callback?oauth_token=RE8Ba5uw3oo0m2TVI0hkKRcVCZ1JjcwrKyvc5pCu0B8&oauth_verifier=gcfaDOaWRI3TJMWyJbZV0MYbIkBvnvDXWuSFPiJ14" for 127.0.0.1 at 2012-06-10 16:50:16 -0700
Processing by SessionsController#create as HTML
  Parameters: {"oauth_token"=>"RE8Ba5uw3oo0m2TVI0hkKRcVCZ1JjcwrKyvc5pCu0B8", "oauth_verifier"=>"gcfaDOaWRI3TJMWyJbZV0MYbIkBvnvDXWuSFPiJ14", "provider"=>"twitter"}
  [1m[36mUser Load (0.1ms)[0m  [1mSELECT "users".* FROM "users" WHERE "users"."twitter_id" = '604051675' LIMIT 1[0m
Completed 500 Internal Server Error in 24ms

NoMethodError (undefined method `name=' for #<User:0x007f88c2fc7bf8>):
  app/models/user.rb:25:in `sign_in_with_auth_hash'
  app/controllers/sessions_controller.rb:22:in `create'


  Rendered /Users/roryreiff/.rvm/gems/ruby-1.9.3-p194/gems/actionpack-3.2.5/lib/action_dispatch/middleware/templates/rescues/_trace.erb (3.0ms)
  Rendered /Users/roryreiff/.rvm/gems/ruby-1.9.3-p194/gems/actionpack-3.2.5/lib/action_dispatch/middleware/templates/rescues/_request_and_response.erb (1.2ms)
  Rendered /Users/roryreiff/.rvm/gems/ruby-1.9.3-p194/gems/actionpack-3.2.5/lib/action_dispatch/middleware/templates/rescues/diagnostics.erb within rescues/layout (12.2ms)


Started GET "/" for 127.0.0.1 at 2012-06-10 16:50:19 -0700
Processing by StaticPagesController#home as HTML
  Rendered static_pages/home.html.erb within layouts/application (0.0ms)
  Rendered layouts/_shim.html.erb (0.0ms)
  Rendered layouts/_header.html.erb (0.3ms)
Completed 200 OK in 21ms (Views: 20.8ms | ActiveRecord: 0.0ms)


Started GET "/assets/application.css?body=1" for 127.0.0.1 at 2012-06-10 16:50:20 -0700
Served asset /application.css - 304 Not Modified (3ms)


Started GET "/assets/static_pages.css?body=1" for 127.0.0.1 at 2012-06-10 16:50:20 -0700
Served asset /static_pages.css - 304 Not Modified (0ms)


Started GET "/assets/custom.css?body=1" for 127.0.0.1 at 2012-06-10 16:50:20 -0700
Served asset /custom.css - 304 Not Modified (2ms)


Started GET "/assets/jquery.js?body=1" for 127.0.0.1 at 2012-06-10 16:50:20 -0700
Served asset /jquery.js - 304 Not Modified (0ms)


Started GET "/assets/bootstrap-alert.js?body=1" for 127.0.0.1 at 2012-06-10 16:50:20 -0700
Served asset /bootstrap-alert.js - 304 Not Modified (0ms)


Started GET "/assets/jquery_ujs.js?body=1" for 127.0.0.1 at 2012-06-10 16:50:20 -0700
Served asset /jquery_ujs.js - 304 Not Modified (0ms)


Started GET "/assets/sessions.css?body=1" for 127.0.0.1 at 2012-06-10 16:50:20 -0700
Served asset /sessions.css - 304 Not Modified (0ms)


Started GET "/assets/bootstrap-transition.js?body=1" for 127.0.0.1 at 2012-06-10 16:50:20 -0700
Served asset /bootstrap-transition.js - 304 Not Modified (0ms)


Started GET "/assets/users.css?body=1" for 127.0.0.1 at 2012-06-10 16:50:20 -0700
Served asset /users.css - 304 Not Modified (0ms)


Started GET "/assets/bootstrap-button.js?body=1" for 127.0.0.1 at 2012-06-10 16:50:20 -0700
Served asset /bootstrap-button.js - 304 Not Modified (0ms)


Started GET "/assets/bootstrap-carousel.js?body=1" for 127.0.0.1 at 2012-06-10 16:50:20 -0700
Served asset /bootstrap-carousel.js - 304 Not Modified (0ms)


Started GET "/assets/bootstrap-collapse.js?body=1" for 127.0.0.1 at 2012-06-10 16:50:20 -0700
Served asset /bootstrap-collapse.js - 304 Not Modified (0ms)


Started GET "/assets/bootstrap-dropdown.js?body=1" for 127.0.0.1 at 2012-06-10 16:50:20 -0700
Served asset /bootstrap-dropdown.js - 304 Not Modified (0ms)


Started GET "/assets/bootstrap-modal.js?body=1" for 127.0.0.1 at 2012-06-10 16:50:20 -0700
Served asset /bootstrap-modal.js - 304 Not Modified (0ms)


Started GET "/assets/bootstrap-scrollspy.js?body=1" for 127.0.0.1 at 2012-06-10 16:50:20 -0700
Served asset /bootstrap-scrollspy.js - 304 Not Modified (0ms)


Started GET "/assets/bootstrap-tab.js?body=1" for 127.0.0.1 at 2012-06-10 16:50:20 -0700
Served asset /bootstrap-tab.js - 304 Not Modified (0ms)


Started GET "/assets/bootstrap-tooltip.js?body=1" for 127.0.0.1 at 2012-06-10 16:50:20 -0700
Served asset /bootstrap-tooltip.js - 304 Not Modified (0ms)


Started GET "/assets/bootstrap-popover.js?body=1" for 127.0.0.1 at 2012-06-10 16:50:20 -0700
Served asset /bootstrap-popover.js - 304 Not Modified (0ms)


Started GET "/assets/bootstrap-typeahead.js?body=1" for 127.0.0.1 at 2012-06-10 16:50:20 -0700
Served asset /bootstrap-typeahead.js - 304 Not Modified (0ms)


Started GET "/assets/bootstrap.js?body=1" for 127.0.0.1 at 2012-06-10 16:50:20 -0700
Served asset /bootstrap.js - 304 Not Modified (1ms)


Started GET "/assets/jquery.rdio.min.js?body=1" for 127.0.0.1 at 2012-06-10 16:50:20 -0700
Served asset /jquery.rdio.min.js - 304 Not Modified (0ms)


Started GET "/assets/autotune_custom.js?body=1" for 127.0.0.1 at 2012-06-10 16:50:20 -0700
Served asset /autotune_custom.js - 304 Not Modified (0ms)


Started GET "/assets/static_pages.js?body=1" for 127.0.0.1 at 2012-06-10 16:50:20 -0700
Served asset /static_pages.js - 304 Not Modified (0ms)


Started GET "/assets/users.js?body=1" for 127.0.0.1 at 2012-06-10 16:50:20 -0700
Served asset /users.js - 304 Not Modified (0ms)


Started GET "/assets/application.js?body=1" for 127.0.0.1 at 2012-06-10 16:50:20 -0700
Served asset /application.js - 304 Not Modified (1ms)


Started GET "/assets/sessions.js?body=1" for 127.0.0.1 at 2012-06-10 16:50:20 -0700
Served asset /sessions.js - 304 Not Modified (0ms)


Started GET "/sessions/twitter" for 127.0.0.1 at 2012-06-10 16:50:21 -0700
Processing by SessionsController#twitter as HTML
Redirected to http://0.0.0.0:3000/auth/twitter
Completed 302 Found in 1ms (ActiveRecord: 0.0ms)


Started GET "/auth/twitter" for 127.0.0.1 at 2012-06-10 16:50:21 -0700


Started GET "/auth/twitter/callback?oauth_token=xJrg8kktAbVpkuxNv2IzMD6BvBoDZ4Qk348sFwRI&oauth_verifier=zIJT3MdH3fdncZ8qmPja2DZp9tz0KN9yLzzTgwrFC4" for 127.0.0.1 at 2012-06-10 16:50:22 -0700
Processing by SessionsController#create as HTML
  Parameters: {"oauth_token"=>"xJrg8kktAbVpkuxNv2IzMD6BvBoDZ4Qk348sFwRI", "oauth_verifier"=>"zIJT3MdH3fdncZ8qmPja2DZp9tz0KN9yLzzTgwrFC4", "provider"=>"twitter"}
  [1m[35mUser Load (0.2ms)[0m  SELECT "users".* FROM "users" WHERE "users"."twitter_id" = '604051675' LIMIT 1
Completed 500 Internal Server Error in 2ms

NoMethodError (undefined method `name=' for #<User:0x007f88c47018f0>):
  app/models/user.rb:25:in `sign_in_with_auth_hash'
  app/controllers/sessions_controller.rb:22:in `create'


  Rendered /Users/roryreiff/.rvm/gems/ruby-1.9.3-p194/gems/actionpack-3.2.5/lib/action_dispatch/middleware/templates/rescues/_trace.erb (2.9ms)
  Rendered /Users/roryreiff/.rvm/gems/ruby-1.9.3-p194/gems/actionpack-3.2.5/lib/action_dispatch/middleware/templates/rescues/_request_and_response.erb (1.0ms)
  Rendered /Users/roryreiff/.rvm/gems/ruby-1.9.3-p194/gems/actionpack-3.2.5/lib/action_dispatch/middleware/templates/rescues/diagnostics.erb within rescues/layout (9.7ms)


Started GET "/" for 127.0.0.1 at 2012-06-10 16:51:32 -0700
Processing by StaticPagesController#home as HTML
  Rendered static_pages/home.html.erb within layouts/application (0.0ms)
  Rendered layouts/_shim.html.erb (0.0ms)
  Rendered layouts/_header.html.erb (0.3ms)
Completed 200 OK in 17ms (Views: 16.4ms | ActiveRecord: 0.0ms)


Started GET "/assets/application.css?body=1" for 127.0.0.1 at 2012-06-10 16:51:32 -0700
Served asset /application.css - 304 Not Modified (3ms)


Started GET "/assets/custom.css?body=1" for 127.0.0.1 at 2012-06-10 16:51:32 -0700
Served asset /custom.css - 304 Not Modified (1ms)


Started GET "/assets/users.css?body=1" for 127.0.0.1 at 2012-06-10 16:51:32 -0700
Served asset /users.css - 304 Not Modified (0ms)


Started GET "/assets/sessions.css?body=1" for 127.0.0.1 at 2012-06-10 16:51:32 -0700
Served asset /sessions.css - 304 Not Modified (0ms)


Started GET "/assets/static_pages.css?body=1" for 127.0.0.1 at 2012-06-10 16:51:32 -0700
Served asset /static_pages.css - 304 Not Modified (0ms)


Started GET "/assets/jquery.js?body=1" for 127.0.0.1 at 2012-06-10 16:51:32 -0700
Served asset /jquery.js - 304 Not Modified (0ms)


Started GET "/assets/jquery_ujs.js?body=1" for 127.0.0.1 at 2012-06-10 16:51:32 -0700
Served asset /jquery_ujs.js - 304 Not Modified (0ms)


Started GET "/assets/bootstrap-transition.js?body=1" for 127.0.0.1 at 2012-06-10 16:51:32 -0700
Served asset /bootstrap-transition.js - 304 Not Modified (0ms)


Started GET "/assets/bootstrap-alert.js?body=1" for 127.0.0.1 at 2012-06-10 16:51:32 -0700
Served asset /bootstrap-alert.js - 304 Not Modified (0ms)


Started GET "/assets/bootstrap-carousel.js?body=1" for 127.0.0.1 at 2012-06-10 16:51:32 -0700
Served asset /bootstrap-carousel.js - 304 Not Modified (0ms)


Started GET "/assets/bootstrap-button.js?body=1" for 127.0.0.1 at 2012-06-10 16:51:32 -0700
Served asset /bootstrap-button.js - 304 Not Modified (0ms)


Started GET "/assets/bootstrap-collapse.js?body=1" for 127.0.0.1 at 2012-06-10 16:51:32 -0700
Served asset /bootstrap-collapse.js - 304 Not Modified (0ms)


Started GET "/assets/bootstrap-dropdown.js?body=1" for 127.0.0.1 at 2012-06-10 16:51:32 -0700
Served asset /bootstrap-dropdown.js - 304 Not Modified (0ms)


Started GET "/assets/bootstrap-modal.js?body=1" for 127.0.0.1 at 2012-06-10 16:51:32 -0700
Served asset /bootstrap-modal.js - 304 Not Modified (0ms)


Started GET "/assets/bootstrap-scrollspy.js?body=1" for 127.0.0.1 at 2012-06-10 16:51:33 -0700
Served asset /bootstrap-scrollspy.js - 304 Not Modified (0ms)


Started GET "/assets/bootstrap-tab.js?body=1" for 127.0.0.1 at 2012-06-10 16:51:33 -0700
Served asset /bootstrap-tab.js - 304 Not Modified (0ms)


Started GET "/assets/bootstrap-tooltip.js?body=1" for 127.0.0.1 at 2012-06-10 16:51:33 -0700
Served asset /bootstrap-tooltip.js - 304 Not Modified (0ms)


Started GET "/assets/bootstrap-popover.js?body=1" for 127.0.0.1 at 2012-06-10 16:51:33 -0700
Served asset /bootstrap-popover.js - 304 Not Modified (0ms)


Started GET "/assets/bootstrap-typeahead.js?body=1" for 127.0.0.1 at 2012-06-10 16:51:33 -0700
Served asset /bootstrap-typeahead.js - 304 Not Modified (0ms)


Started GET "/assets/autotune_custom.js?body=1" for 127.0.0.1 at 2012-06-10 16:51:33 -0700
Served asset /autotune_custom.js - 304 Not Modified (0ms)


Started GET "/assets/bootstrap.js?body=1" for 127.0.0.1 at 2012-06-10 16:51:33 -0700
Served asset /bootstrap.js - 304 Not Modified (0ms)


Started GET "/assets/jquery.rdio.min.js?body=1" for 127.0.0.1 at 2012-06-10 16:51:33 -0700
Served asset /jquery.rdio.min.js - 304 Not Modified (0ms)


Started GET "/assets/sessions.js?body=1" for 127.0.0.1 at 2012-06-10 16:51:33 -0700
Served asset /sessions.js - 304 Not Modified (0ms)


Started GET "/assets/static_pages.js?body=1" for 127.0.0.1 at 2012-06-10 16:51:33 -0700
Served asset /static_pages.js - 304 Not Modified (0ms)


Started GET "/assets/application.js?body=1" for 127.0.0.1 at 2012-06-10 16:51:33 -0700
Served asset /application.js - 304 Not Modified (1ms)


Started GET "/assets/users.js?body=1" for 127.0.0.1 at 2012-06-10 16:51:33 -0700
Served asset /users.js - 304 Not Modified (0ms)
